- 21:27:45.016 INFO: --------------------------------------------------------
- 21:27:45.016 INFO: Started application
- 21:27:45.016 INFO: Logging to: G:\PROJEK\Isna Projek\appsKonstraktor\debug.log
- 21:27:45.016 INFO: Log level = DEBUG4
- 21:27:45.016 INFO: Starting Mongoose 3.9c web server
- 21:27:45.016 INFO: WWW directory: G:\PROJEK\Isna Projek\appsKonstraktor\web
- 21:27:45.016 INFO: Index files: index.html,index.php
- 21:27:45.016 INFO: CGI interpreter: G:\PROJEK\Isna Projek\appsKonstraktor\php\php-cgi.exe
- 21:27:45.016 INFO: CGI pattern: **.php$
- 21:27:45.016 INFO: Hide files patterns: 
- 21:27:45.016 DEBUG: The temp directory returned by OS contains unicode characters: C:\Users\HARIYA~1\AppData\Local\Temp\
- 21:27:45.016 INFO: CGI environment variables set: TMP=C:\Windows\Temp,TEMP=C:\Windows\Temp,TMPDIR=C:\Windows\Temp,SERVER_NAME=127.0.0.1,PHPDESKTOP_VERSION=57.0
- 21:27:45.016 INFO: Web server url: http://127.0.0.1:53334/
- 21:27:45.016 INFO: remote_debugging_port = 55731
- 21:27:45.016 DEBUG: Command line string for the browser process: "G:\PROJEK\Isna Projek\appsKonstraktor\sipdak-app.exe" --no-sandbox --lang=en-US --log-file="G:\PROJEK\Isna Projek\appsKonstraktor\debug.log" --remote-debugging-port=55731
- 21:27:45.282 DEBUG: App::OnContextInitialized()
- 21:27:45.282 DEBUG: Window max width/height = 1286/680
- 21:27:45.297 DEBUG: GetBrowserWindow(): not found, hwnd = 656848
- 21:27:45.297 DEBUG: WindowProc(): event WM_GETMINMAXINFO: could not fetch BrowserWindow
- 21:27:45.360 DEBUG: BrowserWindow::CreateBrowserControl()
- 21:27:45.360 DEBUG: StoreBrowserWindow(): hwnd = 656848
- 21:27:45.438 DEBUG: ClientHandler::OnAfterCreated()
- 21:27:45.438 DEBUG: SetCefBrowser() called in ClientHandler::OnAfterCreated()
- 21:27:45.469 DEBUG: OnLoadingStateChange: loading=1, url=
- 21:27:46.000 DEBUG: Command line string for the gpu-process process: "G:\PROJEK\Isna Projek\appsKonstraktor\sipdak-app.exe" --type=gpu-process --no-sandbox --lang=en-US --log-file="G:\PROJEK\Isna Projek\appsKonstraktor\debug.log" --disable-d3d11 --disable-direct-composition --supports-dual-gpus=false --gpu-driver-bug-workarounds=7,10,16,18,19,20,23,41,61,74 --disable-gl-extensions="GL_KHR_blend_equation_advanced GL_KHR_blend_equation_advanced_coherent" --gpu-vendor-id=0x8086 --gpu-device-id=0x0046 --gpu-driver-vendor="Intel Corporation" --gpu-driver-version=8.15.10.2900 --gpu-driver-date=11-26-2012 --lang=en-US --log-file="G:\PROJEK\Isna Projek\appsKonstraktor\debug.log" --service-request-channel-token=922FE8D54177B1C6CA6EE4ADDDEA65F0 --mojo-platform-channel-handle=1760 /prefetch:2
- 21:27:46.000 DEBUG: Command line string for the renderer process: "G:\PROJEK\Isna Projek\appsKonstraktor\sipdak-app.exe" --type=renderer --no-sandbox --primordial-pipe-token=389C7EAA28678C5EF000A287C6F0EBCB --lang=en-US --lang=en-US --log-file="G:\PROJEK\Isna Projek\appsKonstraktor\debug.log" --enable-pinch --device-scale-factor=1 --num-raster-threads=2 --enable-main-frame-before-activation --content-image-texture-target=0,0,3553;0,1,3553;0,2,3553;0,3,3553;0,4,3553;0,5,3553;0,6,3553;0,7,3553;0,8,3553;0,9,3553;0,10,3553;0,11,3553;0,12,3553;0,13,3553;0,14,3553;0,15,3553;1,0,3553;1,1,3553;1,2,3553;1,3,3553;1,4,3553;1,5,3553;1,6,3553;1,7,3553;1,8,3553;1,9,3553;1,10,3553;1,11,3553;1,12,3553;1,13,3553;1,14,3553;1,15,3553;2,0,3553;2,1,3553;2,2,3553;2,3,3553;2,4,3553;2,5,3553;2,6,3553;2,7,3553;2,8,3553;2,9,3553;2,10,3553;2,11,3553;2,12,3553;2,13,3553;2,14,3553;2,15,3553;3,0,3553;3,1,3553;3,2,3553;3,3,3553;3,4,3553;3,5,3553;3,6,3553;3,7,3553;3,8,3553;3,9,3553;3,10,3553;3,11,3553;3,12,3553;3,13,3553;3,14,3553;3,15,3553 --service-request-channel-token=389C7EAA28678C5EF000A287C6F0EBCB --renderer-client-id=3 --mojo-platform-channel-handle=2348 /prefetch:1
[0207/212747.035:ERROR:child_thread_impl.cc(762)] Request for unknown Channel-associated interface: ui::mojom::GpuMain
- 21:27:47.047 DEBUG: OnBrowserCreated()
- 21:27:50.657 INFO: GET 200 /assets/plugins/toastr/toastr.min.css
- 21:27:50.672 INFO: GET 200 /assets/plugins/icheck-bootstrap/icheck-bootstrap.min.css
- 21:27:50.672 INFO: GET 200 /assets/plugins/fontawesome-free/css/all.min.css
- 21:27:50.672 INFO: GET 200 /assets/dist/css/adminlte.min.css
- 21:27:50.141 DEBUG: OnContextCreated()
- 21:27:50.719 INFO: GET 200 /assets/custom/style.min.css
- 21:27:50.735 INFO: GET 200 /
- 21:27:50.750 INFO: GET 200 /assets/plugins/toastr/toastr.min.js
- 21:27:50.813 INFO: GET 200 /assets/dist/js/axio.min.js
- 21:27:50.813 INFO: GET 200 /assets/dist/js/adminlte.min.js
- 21:27:50.813 INFO: GET 200 /assets/plugins/jquery/jquery.min.js
- 21:27:50.813 INFO: GET 200 /assets/custom/auth.min.js
- 21:27:50.875 INFO: GET 200 /assets/plugins/bootstrap/js/bootstrap.bundle.min.js
- 21:27:51.485 INFO: GET 200 /assets/img/bg_login.png
- 21:27:51.485 INFO: GET 200 /assets/img/bg_body.jpg
- 21:27:51.485 INFO: GET 200 /assets/plugins/fontawesome-free/webfonts/fa-solid-900.woff2
- 21:27:52.219 DEBUG: OnLoadingStateChange: loading=0, url=http://127.0.0.1:53334/
- 21:27:54.844 DEBUG: WM_DESTROY
- 21:27:54.844 DEBUG: RemoveBrowserWindow(): hwnd = 656848
- 21:27:54.844 INFO: Stopping Mongoose web server
- 21:27:54.844 DEBUG: Mongoose webserver stopped immediately
- 21:27:54.860 DEBUG: OnBeforeClose() hwnd=656930
- 21:27:54.860 DEBUG: RemoveBrowserWindow(): hwnd = 656930
- 21:27:54.860 DEBUG: GetBrowserWindow(): not found, hwnd = 656930
- 21:27:54.860 WARNING: RemoveBrowserWindow() failed: GetBrowserWindow() failed
- 21:27:54.860 DEBUG: Calling CefQuitMessageLoop()
- 21:27:54.953 INFO: Ended application
- 21:27:54.953 INFO: --------------------------------------------------------
